{"E:\\gitHub\\xbcommonUtil\\views_V2024\\g-lobal\\index.ts": {"path":"E:\\gitHub\\xbcommonUtil\\views_V2024\\g-lobal\\index.ts","statementMap":{"0":{"start":{"line":1,"column":0},"end":{"line":1,"column":22}},"1":{"start":{"line":2,"column":0},"end":{"line":2,"column":22}}},"fnMap":{},"branchMap":{},"s":{"0":3,"1":3},"f":{},"b":{}}
,"E:\\gitHub\\xbcommonUtil\\views_V2024\\g-lobal\\type\\index.ts": {"path":"E:\\gitHub\\xbcommonUtil\\views_V2024\\g-lobal\\type\\index.ts","statementMap":{"0":{"start":{"line":1,"column":0},"end":{"line":1,"column":22}}},"fnMap":{},"branchMap":{},"s":{"0":3},"f":{},"b":{}}
,"E:\\gitHub\\xbcommonUtil\\views_V2024\\g-lobal\\util\\index.ts": {"path":"E:\\gitHub\\xbcommonUtil\\views_V2024\\g-lobal\\util\\index.ts","statementMap":{"0":{"start":{"line":1,"column":0},"end":{"line":1,"column":24}}},"fnMap":{},"branchMap":{},"s":{"0":3},"f":{},"b":{}}
,"E:\\gitHub\\xbcommonUtil\\views_V2024\\g-lobal\\util\\public\\errFormat.ts": {"path":"E:\\gitHub\\xbcommonUtil\\views_V2024\\g-lobal\\util\\public\\errFormat.ts","statementMap":{"0":{"start":{"line":11,"column":2},"end":{"line":11,"column":null}},"1":{"start":{"line":10,"column":0},"end":{"line":10,"column":16}}},"fnMap":{"0":{"name":"errFormat","decl":{"start":{"line":10,"column":16},"end":{"line":10,"column":25}},"loc":{"start":{"line":10,"column":67},"end":{"line":12,"column":1}}}},"branchMap":{"0":{"loc":{"start":{"line":10,"column":43},"end":{"line":10,"column":67}},"type":"default-arg","locations":[{"start":{"line":10,"column":65},"end":{"line":10,"column":67}}]}},"s":{"0":3,"1":3},"f":{"0":3},"b":{"0":[2]}}
,"E:\\gitHub\\xbcommonUtil\\views_V2024\\g-lobal\\util\\public\\index.ts": {"path":"E:\\gitHub\\xbcommonUtil\\views_V2024\\g-lobal\\util\\public\\index.ts","statementMap":{"0":{"start":{"line":1,"column":0},"end":{"line":1,"column":27}},"1":{"start":{"line":2,"column":0},"end":{"line":2,"column":29}},"2":{"start":{"line":3,"column":0},"end":{"line":3,"column":33}}},"fnMap":{},"branchMap":{},"s":{"0":3,"1":3,"2":3},"f":{},"b":{}}
,"E:\\gitHub\\xbcommonUtil\\views_V2024\\g-lobal\\util\\public\\setPageTemp.ts": {"path":"E:\\gitHub\\xbcommonUtil\\views_V2024\\g-lobal\\util\\public\\setPageTemp.ts","statementMap":{"0":{"start":{"line":12,"column":2},"end":{"line":12,"column":null}},"1":{"start":{"line":11,"column":0},"end":{"line":11,"column":16}}},"fnMap":{"0":{"name":"setPageTemp","decl":{"start":{"line":11,"column":16},"end":{"line":11,"column":27}},"loc":{"start":{"line":11,"column":80},"end":{"line":13,"column":1}}}},"branchMap":{"0":{"loc":{"start":{"line":11,"column":58},"end":{"line":11,"column":80}},"type":"default-arg","locations":[{"start":{"line":11,"column":71},"end":{"line":11,"column":80}}]},"1":{"loc":{"start":{"line":12,"column":9},"end":{"line":12,"column":36}},"type":"cond-expr","locations":[{"start":{"line":12,"column":15},"end":{"line":12,"column":18}},{"start":{"line":12,"column":21},"end":{"line":12,"column":36}}]}},"s":{"0":3,"1":3},"f":{"0":3},"b":{"0":[2],"1":[1,2]}}
,"E:\\gitHub\\xbcommonUtil\\views_V2024\\g-lobal\\util\\public\\toDecimalNumber.ts": {"path":"E:\\gitHub\\xbcommonUtil\\views_V2024\\g-lobal\\util\\public\\toDecimalNumber.ts","statementMap":{"0":{"start":{"line":9,"column":2},"end":{"line":9,"column":null}},"1":{"start":{"line":9,"column":28},"end":{"line":9,"column":null}},"2":{"start":{"line":10,"column":2},"end":{"line":10,"column":null}},"3":{"start":{"line":8,"column":0},"end":{"line":8,"column":16}}},"fnMap":{"0":{"name":"toDecimalNumber","decl":{"start":{"line":8,"column":16},"end":{"line":8,"column":31}},"loc":{"start":{"line":8,"column":75},"end":{"line":11,"column":1}}}},"branchMap":{"0":{"loc":{"start":{"line":8,"column":54},"end":{"line":8,"column":75}},"type":"default-arg","locations":[{"start":{"line":8,"column":74},"end":{"line":8,"column":75}}]},"1":{"loc":{"start":{"line":9,"column":2},"end":{"line":9,"column":null}},"type":"if","locations":[{"start":{"line":9,"column":2},"end":{"line":9,"column":null}}]},"2":{"loc":{"start":{"line":10,"column":9},"end":{"line":10,"column":62}},"type":"cond-expr","locations":[{"start":{"line":10,"column":26},"end":{"line":10,"column":56}},{"start":{"line":10,"column":59},"end":{"line":10,"column":62}}]}},"s":{"0":8,"1":1,"2":7,"3":3},"f":{"0":8},"b":{"0":[5],"1":[1],"2":[6,1]}}
}
