TN:
SF:views_V2024\g-lobal\index.ts
FNF:0
FNH:0
DA:1,5
DA:2,5
DA:3,5
LF:3
LH:3
BRF:0
BRH:0
end_of_record
TN:
SF:views_V2024\g-lobal\main.ts
FNF:0
FNH:0
DA:1,1
LF:1
LH:1
BRF:0
BRH:0
end_of_record
TN:
SF:views_V2024\g-lobal\type\index.ts
FNF:0
FNH:0
DA:1,5
LF:1
LH:1
BRF:0
BRH:0
end_of_record
TN:
SF:views_V2024\g-lobal\url\index.ts
FNF:0
FNH:0
DA:1,5
LF:1
LH:1
BRF:0
BRH:0
end_of_record
TN:
SF:views_V2024\g-lobal\url\main.ts
FN:1,(anonymous_0)
FNF:1
FNH:1
FNDA:2,(anonymous_0)
DA:1,3
LF:1
LH:1
BRF:0
BRH:0
end_of_record
TN:
SF:views_V2024\g-lobal\url\public\getAppBaseUrl.ts
FN:7,getAppBaseUrl
FNF:1
FNH:1
FNDA:2,getAppBaseUrl
DA:1,5
DA:2,5
DA:7,5
DA:8,2
LF:4
LH:4
BRF:0
BRH:0
end_of_record
TN:
SF:views_V2024\g-lobal\url\public\index.ts
FNF:0
FNH:0
DA:1,5
LF:1
LH:1
BRF:0
BRH:0
end_of_record
TN:
SF:views_V2024\g-lobal\url\var\const.ts
FNF:0
FNH:0
DA:2,6
LF:1
LH:1
BRF:0
BRH:0
end_of_record
TN:
SF:views_V2024\g-lobal\url\var\index.ts
FNF:0
FNH:0
DA:1,6
DA:2,6
LF:2
LH:2
BRF:0
BRH:0
end_of_record
TN:
SF:views_V2024\g-lobal\url\var\var.ts
FN:9,setAppBaseUrl
FNF:1
FNH:1
FNDA:3,setAppBaseUrl
DA:1,6
DA:9,6
DA:10,3
DA:11,3
LF:4
LH:4
BRF:0
BRH:0
end_of_record
TN:
SF:views_V2024\g-lobal\util\index.ts
FNF:0
FNH:0
DA:1,5
LF:1
LH:1
BRF:0
BRH:0
end_of_record
TN:
SF:views_V2024\g-lobal\util\public\divideString.ts
FN:8,divideString
FNF:1
FNH:1
FNDA:5,divideString
DA:8,5
DA:9,5
DA:10,4
LF:3
LH:3
BRDA:8,0,0,3
BRDA:9,1,0,1
BRF:2
BRH:2
end_of_record
TN:
SF:views_V2024\g-lobal\util\public\errFormat.ts
FN:10,errFormat
FNF:1
FNH:1
FNDA:3,errFormat
DA:10,5
DA:11,3
LF:2
LH:2
BRDA:10,0,0,2
BRF:1
BRH:1
end_of_record
TN:
SF:views_V2024\g-lobal\util\public\index.ts
FNF:0
FNH:0
DA:1,5
DA:2,5
DA:3,5
DA:4,5
LF:4
LH:4
BRF:0
BRH:0
end_of_record
TN:
SF:views_V2024\g-lobal\util\public\setPageTemp.ts
FN:11,setPageTemp
FNF:1
FNH:1
FNDA:5,setPageTemp
DA:11,5
DA:12,5
LF:2
LH:2
BRDA:11,0,0,4
BRDA:12,1,0,2
BRDA:12,1,1,3
BRF:3
BRH:3
end_of_record
TN:
SF:views_V2024\g-lobal\util\public\toDecimalNumber.ts
FN:8,toDecimalNumber
FNF:1
FNH:1
FNDA:8,toDecimalNumber
DA:8,5
DA:9,8
DA:10,7
LF:3
LH:3
BRDA:8,0,0,5
BRDA:9,1,0,1
BRDA:10,2,0,6
BRDA:10,2,1,1
BRF:4
BRH:4
end_of_record
